[2.046s] DEBUG:colcon:Command line arguments: ['/usr/bin/colcon', 'build']
[2.046s] DEBUG:colcon:Parsed command line arguments: Namespace(log_base=None, log_level=None, verb_name='build', build_base='build', install_base='install', merge_install=False, symlink_install=False, test_result_base=None, continue_on_error=False, executor='parallel', parallel_workers=4, event_handlers=None, ignore_user_meta=False, metas=['./colcon.meta'], base_paths=['.'], packages_ignore=None, packages_ignore_regex=None, paths=None, packages_up_to=None, packages_up_to_regex=None, packages_above=None, packages_above_and_dependencies=None, packages_above_depth=None, packages_select_by_dep=None, packages_skip_by_dep=None, packages_skip_up_to=None, packages_select_build_failed=False, packages_skip_build_finished=False, packages_select_test_failures=False, packages_skip_test_passed=False, packages_select=None, packages_skip=None, packages_select_regex=None, packages_skip_regex=None, packages_start=None, packages_end=None, allow_overriding=[], cmake_args=None, cmake_target=None, cmake_target_skip_unavailable=False, cmake_clean_cache=False, cmake_clean_first=False, cmake_force_configure=False, ament_cmake_args=None, catkin_cmake_args=None, catkin_skip_building_tests=False, mixin_files=None, mixin=None, verb_parser=<colcon_mixin.mixin.mixin_argument.MixinArgumentDecorator object at 0x7c38fdb3a8f0>, verb_extension=<colcon_core.verb.build.BuildVerb object at 0x7c38fdc32f50>, main=<bound method BuildVerb.main of <colcon_core.verb.build.BuildVerb object at 0x7c38fdc32f50>>, mixin_verb=('build',))
[3.488s] Level 1:colcon.colcon_core.package_discovery:discover_packages(colcon_meta) check parameters
[3.489s] Level 1:colcon.colcon_core.package_discovery:discover_packages(recursive) check parameters
[3.490s] Level 1:colcon.colcon_core.package_discovery:discover_packages(ignore) check parameters
[3.490s] Level 1:colcon.colcon_core.package_discovery:discover_packages(path) check parameters
[3.490s] Level 1:colcon.colcon_core.package_discovery:discover_packages(colcon_meta) discover
[3.490s] Level 1:colcon.colcon_core.package_discovery:discover_packages(recursive) discover
[3.490s] INFO:colcon.colcon_core.package_discovery:Crawling recursively for packages in '/home/hance/nirb4600_40/nirb_4600_40_ws'
[3.491s] Level 1:colcon.colcon_core.package_identification:_identify(.) by extensions ['ignore', 'ignore_ament_install']
[3.491s] Level 1:colcon.colcon_core.package_identification:_identify(.) by extension 'ignore'
[3.491s] Level 1:colcon.colcon_core.package_identification:_identify(.) by extension 'ignore_ament_install'
[3.491s] Level 1:colcon.colcon_core.package_identification:_identify(.) by extensions ['colcon_pkg']
[3.491s] Level 1:colcon.colcon_core.package_identification:_identify(.) by extension 'colcon_pkg'
[3.492s] Level 1:colcon.colcon_core.package_identification:_identify(.) by extensions ['colcon_meta']
[3.492s] Level 1:colcon.colcon_core.package_identification:_identify(.) by extension 'colcon_meta'
[3.492s] Level 1:colcon.colcon_core.package_identification:_identify(.) by extensions ['ros']
[3.492s] Level 1:colcon.colcon_core.package_identification:_identify(.) by extension 'ros'
[3.540s] Level 1:colcon.colcon_core.package_identification:_identify(.) by extensions ['cmake', 'python']
[3.540s] Level 1:colcon.colcon_core.package_identification:_identify(.) by extension 'cmake'
[3.540s] Level 1:colcon.colcon_core.package_identification:_identify(.) by extension 'python'
[3.540s] Level 1:colcon.colcon_core.package_identification:_identify(.) by extensions ['python_setup_py']
[3.541s] Level 1:colcon.colcon_core.package_identification:_identify(.) by extension 'python_setup_py'
[3.541s] Level 1:colcon.colcon_core.package_identification:_identify(build) by extensions ['ignore', 'ignore_ament_install']
[3.541s] Level 1:colcon.colcon_core.package_identification:_identify(build) by extension 'ignore'
[3.541s] Level 1:colcon.colcon_core.package_identification:_identify(build) ignored
[3.542s] Level 1:colcon.colcon_core.package_identification:_identify(install) by extensions ['ignore', 'ignore_ament_install']
[3.542s] Level 1:colcon.colcon_core.package_identification:_identify(install) by extension 'ignore'
[3.542s] Level 1:colcon.colcon_core.package_identification:_identify(install) ignored
[3.543s] Level 1:colcon.colcon_core.package_identification:_identify(log) by extensions ['ignore', 'ignore_ament_install']
[3.543s] Level 1:colcon.colcon_core.package_identification:_identify(log) by extension 'ignore'
[3.543s] Level 1:colcon.colcon_core.package_identification:_identify(log) ignored
[3.543s] Level 1:colcon.colcon_core.package_identification:_identify(nirb4600_40_urdf) by extensions ['ignore', 'ignore_ament_install']
[3.543s] Level 1:colcon.colcon_core.package_identification:_identify(nirb4600_40_urdf) by extension 'ignore'
[3.544s] Level 1:colcon.colcon_core.package_identification:_identify(nirb4600_40_urdf) by extension 'ignore_ament_install'
[3.544s] Level 1:colcon.colcon_core.package_identification:_identify(nirb4600_40_urdf) by extensions ['colcon_pkg']
[3.544s] Level 1:colcon.colcon_core.package_identification:_identify(nirb4600_40_urdf) by extension 'colcon_pkg'
[3.544s] Level 1:colcon.colcon_core.package_identification:_identify(nirb4600_40_urdf) by extensions ['colcon_meta']
[3.544s] Level 1:colcon.colcon_core.package_identification:_identify(nirb4600_40_urdf) by extension 'colcon_meta'
[3.544s] Level 1:colcon.colcon_core.package_identification:_identify(nirb4600_40_urdf) by extensions ['ros']
[3.544s] Level 1:colcon.colcon_core.package_identification:_identify(nirb4600_40_urdf) by extension 'ros'
[3.557s] DEBUG:colcon.colcon_core.package_identification:Package 'nirb4600_40_urdf' with type 'ros.ament_python' and name 'nirb4600_40_urdf'
[3.557s] Level 1:colcon.colcon_core.package_discovery:discover_packages(recursive) using defaults
[3.557s] Level 1:colcon.colcon_core.package_discovery:discover_packages(ignore) discover
[3.557s] Level 1:colcon.colcon_core.package_discovery:discover_packages(ignore) using defaults
[3.557s] Level 1:colcon.colcon_core.package_discovery:discover_packages(path) discover
[3.557s] Level 1:colcon.colcon_core.package_discovery:discover_packages(path) using defaults
[3.702s] Level 1:colcon.colcon_core.package_discovery:discover_packages(prefix_path) check parameters
[3.702s] Level 1:colcon.colcon_core.package_discovery:discover_packages(prefix_path) discover
[3.724s] DEBUG:colcon.colcon_installed_package_information.package_discovery:Found 387 installed packages in /opt/ros/humble
[3.746s] Level 1:colcon.colcon_core.package_discovery:discover_packages(prefix_path) using defaults
[3.936s] Level 5:colcon.colcon_core.verb:set package 'nirb4600_40_urdf' build argument 'cmake_args' from command line to 'None'
[3.936s] Level 5:colcon.colcon_core.verb:set package 'nirb4600_40_urdf' build argument 'cmake_target' from command line to 'None'
[3.936s] Level 5:colcon.colcon_core.verb:set package 'nirb4600_40_urdf' build argument 'cmake_target_skip_unavailable' from command line to 'False'
[3.936s] Level 5:colcon.colcon_core.verb:set package 'nirb4600_40_urdf' build argument 'cmake_clean_cache' from command line to 'False'
[3.937s] Level 5:colcon.colcon_core.verb:set package 'nirb4600_40_urdf' build argument 'cmake_clean_first' from command line to 'False'
[3.937s] Level 5:colcon.colcon_core.verb:set package 'nirb4600_40_urdf' build argument 'cmake_force_configure' from command line to 'False'
[3.937s] Level 5:colcon.colcon_core.verb:set package 'nirb4600_40_urdf' build argument 'ament_cmake_args' from command line to 'None'
[3.937s] Level 5:colcon.colcon_core.verb:set package 'nirb4600_40_urdf' build argument 'catkin_cmake_args' from command line to 'None'
[3.937s] Level 5:colcon.colcon_core.verb:set package 'nirb4600_40_urdf' build argument 'catkin_skip_building_tests' from command line to 'False'
[3.937s] DEBUG:colcon.colcon_core.verb:Building package 'nirb4600_40_urdf' with the following arguments: {'ament_cmake_args': None, 'build_base': '/home/hance/nirb4600_40/nirb_4600_40_ws/build/nirb4600_40_urdf', 'catkin_cmake_args': None, 'catkin_skip_building_tests': False, 'cmake_args': None, 'cmake_clean_cache': False, 'cmake_clean_first': False, 'cmake_force_configure': False, 'cmake_target': None, 'cmake_target_skip_unavailable': False, 'install_base': '/home/hance/nirb4600_40/nirb_4600_40_ws/install/nirb4600_40_urdf', 'merge_install': False, 'path': '/home/hance/nirb4600_40/nirb_4600_40_ws/nirb4600_40_urdf', 'symlink_install': False, 'test_result_base': None}
[3.938s] INFO:colcon.colcon_core.executor:Executing jobs using 'parallel' executor
[3.942s] DEBUG:colcon.colcon_parallel_executor.executor.parallel:run_until_complete
[3.942s] INFO:colcon.colcon_ros.task.ament_python.build:Building ROS package in '/home/hance/nirb4600_40/nirb_4600_40_ws/nirb4600_40_urdf' with build type 'ament_python'
[3.943s] Level 1:colcon.colcon_core.shell:create_environment_hook('nirb4600_40_urdf', 'ament_prefix_path')
[3.996s] INFO:colcon.colcon_core.plugin_system:Skipping extension 'colcon_core.shell.bat': Not used on non-Windows systems
[3.997s] INFO:colcon.colcon_core.shell:Creating environment hook '/home/hance/nirb4600_40/nirb_4600_40_ws/install/nirb4600_40_urdf/share/nirb4600_40_urdf/hook/ament_prefix_path.ps1'
[4.004s] INFO:colcon.colcon_core.shell:Creating environment descriptor '/home/hance/nirb4600_40/nirb_4600_40_ws/install/nirb4600_40_urdf/share/nirb4600_40_urdf/hook/ament_prefix_path.dsv'
[4.007s] INFO:colcon.colcon_core.shell:Creating environment hook '/home/hance/nirb4600_40/nirb_4600_40_ws/install/nirb4600_40_urdf/share/nirb4600_40_urdf/hook/ament_prefix_path.sh'
[4.012s] INFO:colcon.colcon_core.shell:Skip shell extension 'powershell' for command environment: Not usable outside of PowerShell
[4.012s] DEBUG:colcon.colcon_core.shell:Skip shell extension 'dsv' for command environment
[5.027s] INFO:colcon.colcon_core.task.python.build:Building Python package in '/home/hance/nirb4600_40/nirb_4600_40_ws/nirb4600_40_urdf'
[5.028s] INFO:colcon.colcon_core.shell:Skip shell extension 'powershell' for command environment: Not usable outside of PowerShell
[5.028s] DEBUG:colcon.colcon_core.shell:Skip shell extension 'dsv' for command environment
[6.751s] DEBUG:colcon.colcon_core.event_handler.log_command:Invoking command in '/home/hance/nirb4600_40/nirb_4600_40_ws/nirb4600_40_urdf': PYTHONPATH=/home/hance/nirb4600_40/nirb_4600_40_ws/build/nirb4600_40_urdf/prefix_override:/usr/lib/python3/dist-packages/colcon_core/task/python/colcon_distutils_commands:/home/hance/nirb4600_40/nirb_4600_40_ws/install/nirb4600_40_urdf/lib/python3.10/site-packages:${PYTHONPATH} /usr/bin/python3 -W ignore:setup.py install is deprecated setup.py egg_info --egg-base ../build/nirb4600_40_urdf build --build-base /home/hance/nirb4600_40/nirb_4600_40_ws/build/nirb4600_40_urdf/build install --record /home/hance/nirb4600_40/nirb_4600_40_ws/build/nirb4600_40_urdf/install.log --single-version-externally-managed install_data
[7.954s] DEBUG:colcon.colcon_core.event_handler.log_command:Invoked command in '/home/hance/nirb4600_40/nirb_4600_40_ws/nirb4600_40_urdf' returned '0': PYTHONPATH=/home/hance/nirb4600_40/nirb_4600_40_ws/build/nirb4600_40_urdf/prefix_override:/usr/lib/python3/dist-packages/colcon_core/task/python/colcon_distutils_commands:/home/hance/nirb4600_40/nirb_4600_40_ws/install/nirb4600_40_urdf/lib/python3.10/site-packages:${PYTHONPATH} /usr/bin/python3 -W ignore:setup.py install is deprecated setup.py egg_info --egg-base ../build/nirb4600_40_urdf build --build-base /home/hance/nirb4600_40/nirb_4600_40_ws/build/nirb4600_40_urdf/build install --record /home/hance/nirb4600_40/nirb_4600_40_ws/build/nirb4600_40_urdf/install.log --single-version-externally-managed install_data
[8.036s] Level 1:colcon.colcon_core.environment:checking '/home/hance/nirb4600_40/nirb_4600_40_ws/install/nirb4600_40_urdf' for CMake module files
[8.038s] Level 1:colcon.colcon_core.environment:checking '/home/hance/nirb4600_40/nirb_4600_40_ws/install/nirb4600_40_urdf' for CMake config files
[8.040s] Level 1:colcon.colcon_core.environment:checking '/home/hance/nirb4600_40/nirb_4600_40_ws/install/nirb4600_40_urdf/lib'
[8.040s] Level 1:colcon.colcon_core.environment:checking '/home/hance/nirb4600_40/nirb_4600_40_ws/install/nirb4600_40_urdf/bin'
[8.041s] Level 1:colcon.colcon_core.environment:checking '/home/hance/nirb4600_40/nirb_4600_40_ws/install/nirb4600_40_urdf/lib/pkgconfig/nirb4600_40_urdf.pc'
[8.041s] Level 1:colcon.colcon_core.environment:checking '/home/hance/nirb4600_40/nirb_4600_40_ws/install/nirb4600_40_urdf/lib/python3.10/site-packages'
[8.041s] Level 1:colcon.colcon_core.shell:create_environment_hook('nirb4600_40_urdf', 'pythonpath')
[8.043s] INFO:colcon.colcon_core.shell:Creating environment hook '/home/hance/nirb4600_40/nirb_4600_40_ws/install/nirb4600_40_urdf/share/nirb4600_40_urdf/hook/pythonpath.ps1'
[8.045s] INFO:colcon.colcon_core.shell:Creating environment descriptor '/home/hance/nirb4600_40/nirb_4600_40_ws/install/nirb4600_40_urdf/share/nirb4600_40_urdf/hook/pythonpath.dsv'
[8.047s] INFO:colcon.colcon_core.shell:Creating environment hook '/home/hance/nirb4600_40/nirb_4600_40_ws/install/nirb4600_40_urdf/share/nirb4600_40_urdf/hook/pythonpath.sh'
[8.049s] Level 1:colcon.colcon_core.environment:checking '/home/hance/nirb4600_40/nirb_4600_40_ws/install/nirb4600_40_urdf/bin'
[8.050s] Level 1:colcon.colcon_core.environment:create_environment_scripts_only(nirb4600_40_urdf)
[8.051s] INFO:colcon.colcon_core.shell:Creating package script '/home/hance/nirb4600_40/nirb_4600_40_ws/install/nirb4600_40_urdf/share/nirb4600_40_urdf/package.ps1'
[8.056s] INFO:colcon.colcon_core.shell:Creating package descriptor '/home/hance/nirb4600_40/nirb_4600_40_ws/install/nirb4600_40_urdf/share/nirb4600_40_urdf/package.dsv'
[8.060s] INFO:colcon.colcon_core.shell:Creating package script '/home/hance/nirb4600_40/nirb_4600_40_ws/install/nirb4600_40_urdf/share/nirb4600_40_urdf/package.sh'
[8.094s] INFO:colcon.colcon_core.shell:Creating package script '/home/hance/nirb4600_40/nirb_4600_40_ws/install/nirb4600_40_urdf/share/nirb4600_40_urdf/package.bash'
[8.102s] INFO:colcon.colcon_core.shell:Creating package script '/home/hance/nirb4600_40/nirb_4600_40_ws/install/nirb4600_40_urdf/share/nirb4600_40_urdf/package.zsh'
[8.111s] Level 1:colcon.colcon_core.environment:create_file_with_runtime_dependencies(/home/hance/nirb4600_40/nirb_4600_40_ws/install/nirb4600_40_urdf/share/colcon-core/packages/nirb4600_40_urdf)
[8.112s] DEBUG:colcon.colcon_parallel_executor.executor.parallel:closing loop
[8.112s] DEBUG:colcon.colcon_parallel_executor.executor.parallel:loop closed
[8.112s] DEBUG:colcon.colcon_parallel_executor.executor.parallel:run_until_complete finished with '0'
[8.112s] DEBUG:colcon.colcon_core.event_reactor:joining thread
[8.173s] INFO:colcon.colcon_core.plugin_system:Skipping extension 'colcon_notification.desktop_notification.terminal_notifier': Not used on non-Darwin systems
[8.173s] INFO:colcon.colcon_core.plugin_system:Skipping extension 'colcon_notification.desktop_notification.win32': Not used on non-Windows systems
[8.174s] INFO:colcon.colcon_notification.desktop_notification:Sending desktop notification using 'notify2'
[8.913s] DEBUG:colcon.colcon_core.event_reactor:joined thread
[8.914s] INFO:colcon.colcon_core.shell:Creating prefix script '/home/hance/nirb4600_40/nirb_4600_40_ws/install/local_setup.ps1'
[8.921s] INFO:colcon.colcon_core.shell:Creating prefix util module '/home/hance/nirb4600_40/nirb_4600_40_ws/install/_local_setup_util_ps1.py'
[8.943s] INFO:colcon.colcon_core.shell:Creating prefix chain script '/home/hance/nirb4600_40/nirb_4600_40_ws/install/setup.ps1'
[8.954s] INFO:colcon.colcon_core.shell:Creating prefix script '/home/hance/nirb4600_40/nirb_4600_40_ws/install/local_setup.sh'
[8.960s] INFO:colcon.colcon_core.shell:Creating prefix util module '/home/hance/nirb4600_40/nirb_4600_40_ws/install/_local_setup_util_sh.py'
[8.963s] INFO:colcon.colcon_core.shell:Creating prefix chain script '/home/hance/nirb4600_40/nirb_4600_40_ws/install/setup.sh'
[8.969s] INFO:colcon.colcon_core.shell:Creating prefix script '/home/hance/nirb4600_40/nirb_4600_40_ws/install/local_setup.bash'
[8.974s] INFO:colcon.colcon_core.shell:Creating prefix chain script '/home/hance/nirb4600_40/nirb_4600_40_ws/install/setup.bash'
[8.979s] INFO:colcon.colcon_core.shell:Creating prefix script '/home/hance/nirb4600_40/nirb_4600_40_ws/install/local_setup.zsh'
[8.982s] INFO:colcon.colcon_core.shell:Creating prefix chain script '/home/hance/nirb4600_40/nirb_4600_40_ws/install/setup.zsh'
