[1.845s] DEBUG:colcon:Command line arguments: ['/usr/bin/colcon', 'build']
[1.845s] DEBUG:colcon:Parsed command line arguments: Namespace(log_base=None, log_level=None, verb_name='build', build_base='build', install_base='install', merge_install=False, symlink_install=False, test_result_base=None, continue_on_error=False, executor='parallel', parallel_workers=4, event_handlers=None, ignore_user_meta=False, metas=['./colcon.meta'], base_paths=['.'], packages_ignore=None, packages_ignore_regex=None, paths=None, packages_up_to=None, packages_up_to_regex=None, packages_above=None, packages_above_and_dependencies=None, packages_above_depth=None, packages_select_by_dep=None, packages_skip_by_dep=None, packages_skip_up_to=None, packages_select_build_failed=False, packages_skip_build_finished=False, packages_select_test_failures=False, packages_skip_test_passed=False, packages_select=None, packages_skip=None, packages_select_regex=None, packages_skip_regex=None, packages_start=None, packages_end=None, allow_overriding=[], cmake_args=None, cmake_target=None, cmake_target_skip_unavailable=False, cmake_clean_cache=False, cmake_clean_first=False, cmake_force_configure=False, ament_cmake_args=None, catkin_cmake_args=None, catkin_skip_building_tests=False, mixin_files=None, mixin=None, verb_parser=<colcon_mixin.mixin.mixin_argument.MixinArgumentDecorator object at 0x7f5bb1c746a0>, verb_extension=<colcon_core.verb.build.BuildVerb object at 0x7f5bb1c74130>, main=<bound method BuildVerb.main of <colcon_core.verb.build.BuildVerb object at 0x7f5bb1c74130>>, mixin_verb=('build',))
[4.543s] Level 1:colcon.colcon_core.package_discovery:discover_packages(colcon_meta) check parameters
[4.543s] Level 1:colcon.colcon_core.package_discovery:discover_packages(recursive) check parameters
[4.544s] Level 1:colcon.colcon_core.package_discovery:discover_packages(ignore) check parameters
[4.544s] Level 1:colcon.colcon_core.package_discovery:discover_packages(path) check parameters
[4.544s] Level 1:colcon.colcon_core.package_discovery:discover_packages(colcon_meta) discover
[4.544s] Level 1:colcon.colcon_core.package_discovery:discover_packages(recursive) discover
[4.544s] INFO:colcon.colcon_core.package_discovery:Crawling recursively for packages in '/home/hance/nirb4600_40/nirb_4600_40_ws'
[4.545s] Level 1:colcon.colcon_core.package_identification:_identify(.) by extensions ['ignore', 'ignore_ament_install']
[4.545s] Level 1:colcon.colcon_core.package_identification:_identify(.) by extension 'ignore'
[4.545s] Level 1:colcon.colcon_core.package_identification:_identify(.) by extension 'ignore_ament_install'
[4.545s] Level 1:colcon.colcon_core.package_identification:_identify(.) by extensions ['colcon_pkg']
[4.545s] Level 1:colcon.colcon_core.package_identification:_identify(.) by extension 'colcon_pkg'
[4.546s] Level 1:colcon.colcon_core.package_identification:_identify(.) by extensions ['colcon_meta']
[4.546s] Level 1:colcon.colcon_core.package_identification:_identify(.) by extension 'colcon_meta'
[4.546s] Level 1:colcon.colcon_core.package_identification:_identify(.) by extensions ['ros']
[4.546s] Level 1:colcon.colcon_core.package_identification:_identify(.) by extension 'ros'
[4.610s] Level 1:colcon.colcon_core.package_identification:_identify(.) by extensions ['cmake', 'python']
[4.610s] Level 1:colcon.colcon_core.package_identification:_identify(.) by extension 'cmake'
[4.611s] Level 1:colcon.colcon_core.package_identification:_identify(.) by extension 'python'
[4.611s] Level 1:colcon.colcon_core.package_identification:_identify(.) by extensions ['python_setup_py']
[4.611s] Level 1:colcon.colcon_core.package_identification:_identify(.) by extension 'python_setup_py'
[4.612s] Level 1:colcon.colcon_core.package_identification:_identify(build) by extensions ['ignore', 'ignore_ament_install']
[4.613s] Level 1:colcon.colcon_core.package_identification:_identify(build) by extension 'ignore'
[4.613s] Level 1:colcon.colcon_core.package_identification:_identify(build) ignored
[4.614s] Level 1:colcon.colcon_core.package_identification:_identify(install) by extensions ['ignore', 'ignore_ament_install']
[4.614s] Level 1:colcon.colcon_core.package_identification:_identify(install) by extension 'ignore'
[4.615s] Level 1:colcon.colcon_core.package_identification:_identify(install) ignored
[4.615s] Level 1:colcon.colcon_core.package_identification:_identify(log) by extensions ['ignore', 'ignore_ament_install']
[4.615s] Level 1:colcon.colcon_core.package_identification:_identify(log) by extension 'ignore'
[4.615s] Level 1:colcon.colcon_core.package_identification:_identify(log) ignored
[4.616s] Level 1:colcon.colcon_core.package_identification:_identify(nirb4600_40_urdf) by extensions ['ignore', 'ignore_ament_install']
[4.616s] Level 1:colcon.colcon_core.package_identification:_identify(nirb4600_40_urdf) by extension 'ignore'
[4.617s] Level 1:colcon.colcon_core.package_identification:_identify(nirb4600_40_urdf) by extension 'ignore_ament_install'
[4.617s] Level 1:colcon.colcon_core.package_identification:_identify(nirb4600_40_urdf) by extensions ['colcon_pkg']
[4.617s] Level 1:colcon.colcon_core.package_identification:_identify(nirb4600_40_urdf) by extension 'colcon_pkg'
[4.617s] Level 1:colcon.colcon_core.package_identification:_identify(nirb4600_40_urdf) by extensions ['colcon_meta']
[4.617s] Level 1:colcon.colcon_core.package_identification:_identify(nirb4600_40_urdf) by extension 'colcon_meta'
[4.618s] Level 1:colcon.colcon_core.package_identification:_identify(nirb4600_40_urdf) by extensions ['ros']
[4.618s] Level 1:colcon.colcon_core.package_identification:_identify(nirb4600_40_urdf) by extension 'ros'
[4.637s] DEBUG:colcon.colcon_core.package_identification:Package 'nirb4600_40_urdf' with type 'ros.ament_python' and name 'nirb4600_40_urdf'
[4.638s] Level 1:colcon.colcon_core.package_discovery:discover_packages(recursive) using defaults
[4.638s] Level 1:colcon.colcon_core.package_discovery:discover_packages(ignore) discover
[4.638s] Level 1:colcon.colcon_core.package_discovery:discover_packages(ignore) using defaults
[4.638s] Level 1:colcon.colcon_core.package_discovery:discover_packages(path) discover
[4.638s] Level 1:colcon.colcon_core.package_discovery:discover_packages(path) using defaults
[4.825s] Level 1:colcon.colcon_core.package_discovery:discover_packages(prefix_path) check parameters
[4.826s] Level 1:colcon.colcon_core.package_discovery:discover_packages(prefix_path) discover
[4.859s] DEBUG:colcon.colcon_installed_package_information.package_discovery:Found 15 installed packages in /home/hance/dev_ws/install
[4.868s] DEBUG:colcon.colcon_installed_package_information.package_discovery:Found 442 installed packages in /opt/ros/humble
[4.883s] Level 1:colcon.colcon_core.package_discovery:discover_packages(prefix_path) using defaults
[5.166s] Level 5:colcon.colcon_core.verb:set package 'nirb4600_40_urdf' build argument 'cmake_args' from command line to 'None'
[5.166s] Level 5:colcon.colcon_core.verb:set package 'nirb4600_40_urdf' build argument 'cmake_target' from command line to 'None'
[5.167s] Level 5:colcon.colcon_core.verb:set package 'nirb4600_40_urdf' build argument 'cmake_target_skip_unavailable' from command line to 'False'
[5.167s] Level 5:colcon.colcon_core.verb:set package 'nirb4600_40_urdf' build argument 'cmake_clean_cache' from command line to 'False'
[5.167s] Level 5:colcon.colcon_core.verb:set package 'nirb4600_40_urdf' build argument 'cmake_clean_first' from command line to 'False'
[5.167s] Level 5:colcon.colcon_core.verb:set package 'nirb4600_40_urdf' build argument 'cmake_force_configure' from command line to 'False'
[5.167s] Level 5:colcon.colcon_core.verb:set package 'nirb4600_40_urdf' build argument 'ament_cmake_args' from command line to 'None'
[5.167s] Level 5:colcon.colcon_core.verb:set package 'nirb4600_40_urdf' build argument 'catkin_cmake_args' from command line to 'None'
[5.167s] Level 5:colcon.colcon_core.verb:set package 'nirb4600_40_urdf' build argument 'catkin_skip_building_tests' from command line to 'False'
[5.167s] DEBUG:colcon.colcon_core.verb:Building package 'nirb4600_40_urdf' with the following arguments: {'ament_cmake_args': None, 'build_base': '/home/hance/nirb4600_40/nirb_4600_40_ws/build/nirb4600_40_urdf', 'catkin_cmake_args': None, 'catkin_skip_building_tests': False, 'cmake_args': None, 'cmake_clean_cache': False, 'cmake_clean_first': False, 'cmake_force_configure': False, 'cmake_target': None, 'cmake_target_skip_unavailable': False, 'install_base': '/home/hance/nirb4600_40/nirb_4600_40_ws/install/nirb4600_40_urdf', 'merge_install': False, 'path': '/home/hance/nirb4600_40/nirb_4600_40_ws/nirb4600_40_urdf', 'symlink_install': False, 'test_result_base': None}
[5.168s] INFO:colcon.colcon_core.executor:Executing jobs using 'parallel' executor
[5.172s] DEBUG:colcon.colcon_parallel_executor.executor.parallel:run_until_complete
[5.176s] INFO:colcon.colcon_ros.task.ament_python.build:Building ROS package in '/home/hance/nirb4600_40/nirb_4600_40_ws/nirb4600_40_urdf' with build type 'ament_python'
[5.177s] Level 1:colcon.colcon_core.shell:create_environment_hook('nirb4600_40_urdf', 'ament_prefix_path')
[5.218s] INFO:colcon.colcon_core.plugin_system:Skipping extension 'colcon_core.shell.bat': Not used on non-Windows systems
[5.219s] INFO:colcon.colcon_core.shell:Creating environment hook '/home/hance/nirb4600_40/nirb_4600_40_ws/install/nirb4600_40_urdf/share/nirb4600_40_urdf/hook/ament_prefix_path.ps1'
[5.225s] INFO:colcon.colcon_core.shell:Creating environment descriptor '/home/hance/nirb4600_40/nirb_4600_40_ws/install/nirb4600_40_urdf/share/nirb4600_40_urdf/hook/ament_prefix_path.dsv'
[5.230s] INFO:colcon.colcon_core.shell:Creating environment hook '/home/hance/nirb4600_40/nirb_4600_40_ws/install/nirb4600_40_urdf/share/nirb4600_40_urdf/hook/ament_prefix_path.sh'
[5.236s] INFO:colcon.colcon_core.shell:Skip shell extension 'powershell' for command environment: Not usable outside of PowerShell
[5.236s] DEBUG:colcon.colcon_core.shell:Skip shell extension 'dsv' for command environment
[6.953s] INFO:colcon.colcon_core.task.python.build:Building Python package in '/home/hance/nirb4600_40/nirb_4600_40_ws/nirb4600_40_urdf'
[6.954s] INFO:colcon.colcon_core.shell:Skip shell extension 'powershell' for command environment: Not usable outside of PowerShell
[6.954s] DEBUG:colcon.colcon_core.shell:Skip shell extension 'dsv' for command environment
[9.483s] DEBUG:colcon.colcon_core.event_handler.log_command:Invoking command in '/home/hance/nirb4600_40/nirb_4600_40_ws/nirb4600_40_urdf': PYTHONPATH=/home/hance/nirb4600_40/nirb_4600_40_ws/build/nirb4600_40_urdf/prefix_override:/usr/lib/python3/dist-packages/colcon_core/task/python/colcon_distutils_commands:/home/hance/nirb4600_40/nirb_4600_40_ws/install/nirb4600_40_urdf/lib/python3.10/site-packages:${PYTHONPATH} /usr/bin/python3 -W ignore:setup.py install is deprecated setup.py egg_info --egg-base ../build/nirb4600_40_urdf build --build-base /home/hance/nirb4600_40/nirb_4600_40_ws/build/nirb4600_40_urdf/build install --record /home/hance/nirb4600_40/nirb_4600_40_ws/build/nirb4600_40_urdf/install.log --single-version-externally-managed install_data
[10.971s] DEBUG:colcon.colcon_core.event_handler.log_command:Invoked command in '/home/hance/nirb4600_40/nirb_4600_40_ws/nirb4600_40_urdf' returned '0': PYTHONPATH=/home/hance/nirb4600_40/nirb_4600_40_ws/build/nirb4600_40_urdf/prefix_override:/usr/lib/python3/dist-packages/colcon_core/task/python/colcon_distutils_commands:/home/hance/nirb4600_40/nirb_4600_40_ws/install/nirb4600_40_urdf/lib/python3.10/site-packages:${PYTHONPATH} /usr/bin/python3 -W ignore:setup.py install is deprecated setup.py egg_info --egg-base ../build/nirb4600_40_urdf build --build-base /home/hance/nirb4600_40/nirb_4600_40_ws/build/nirb4600_40_urdf/build install --record /home/hance/nirb4600_40/nirb_4600_40_ws/build/nirb4600_40_urdf/install.log --single-version-externally-managed install_data
[11.029s] Level 1:colcon.colcon_core.environment:checking '/home/hance/nirb4600_40/nirb_4600_40_ws/install/nirb4600_40_urdf' for CMake module files
[11.031s] Level 1:colcon.colcon_core.environment:checking '/home/hance/nirb4600_40/nirb_4600_40_ws/install/nirb4600_40_urdf' for CMake config files
[11.034s] Level 1:colcon.colcon_core.environment:checking '/home/hance/nirb4600_40/nirb_4600_40_ws/install/nirb4600_40_urdf/lib'
[11.035s] Level 1:colcon.colcon_core.environment:checking '/home/hance/nirb4600_40/nirb_4600_40_ws/install/nirb4600_40_urdf/bin'
[11.036s] Level 1:colcon.colcon_core.environment:checking '/home/hance/nirb4600_40/nirb_4600_40_ws/install/nirb4600_40_urdf/lib/pkgconfig/nirb4600_40_urdf.pc'
[11.038s] Level 1:colcon.colcon_core.environment:checking '/home/hance/nirb4600_40/nirb_4600_40_ws/install/nirb4600_40_urdf/lib/python3.10/site-packages'
[11.038s] Level 1:colcon.colcon_core.shell:create_environment_hook('nirb4600_40_urdf', 'pythonpath')
[11.039s] INFO:colcon.colcon_core.shell:Creating environment hook '/home/hance/nirb4600_40/nirb_4600_40_ws/install/nirb4600_40_urdf/share/nirb4600_40_urdf/hook/pythonpath.ps1'
[11.043s] INFO:colcon.colcon_core.shell:Creating environment descriptor '/home/hance/nirb4600_40/nirb_4600_40_ws/install/nirb4600_40_urdf/share/nirb4600_40_urdf/hook/pythonpath.dsv'
[11.045s] INFO:colcon.colcon_core.shell:Creating environment hook '/home/hance/nirb4600_40/nirb_4600_40_ws/install/nirb4600_40_urdf/share/nirb4600_40_urdf/hook/pythonpath.sh'
[11.049s] Level 1:colcon.colcon_core.environment:checking '/home/hance/nirb4600_40/nirb_4600_40_ws/install/nirb4600_40_urdf/bin'
[11.050s] Level 1:colcon.colcon_core.environment:create_environment_scripts_only(nirb4600_40_urdf)
[11.051s] INFO:colcon.colcon_core.shell:Creating package script '/home/hance/nirb4600_40/nirb_4600_40_ws/install/nirb4600_40_urdf/share/nirb4600_40_urdf/package.ps1'
[11.056s] INFO:colcon.colcon_core.shell:Creating package descriptor '/home/hance/nirb4600_40/nirb_4600_40_ws/install/nirb4600_40_urdf/share/nirb4600_40_urdf/package.dsv'
[11.062s] INFO:colcon.colcon_core.shell:Creating package script '/home/hance/nirb4600_40/nirb_4600_40_ws/install/nirb4600_40_urdf/share/nirb4600_40_urdf/package.sh'
[11.067s] INFO:colcon.colcon_core.shell:Creating package script '/home/hance/nirb4600_40/nirb_4600_40_ws/install/nirb4600_40_urdf/share/nirb4600_40_urdf/package.bash'
[11.073s] INFO:colcon.colcon_core.shell:Creating package script '/home/hance/nirb4600_40/nirb_4600_40_ws/install/nirb4600_40_urdf/share/nirb4600_40_urdf/package.zsh'
[11.079s] Level 1:colcon.colcon_core.environment:create_file_with_runtime_dependencies(/home/hance/nirb4600_40/nirb_4600_40_ws/install/nirb4600_40_urdf/share/colcon-core/packages/nirb4600_40_urdf)
[11.080s] DEBUG:colcon.colcon_parallel_executor.executor.parallel:closing loop
[11.082s] DEBUG:colcon.colcon_parallel_executor.executor.parallel:loop closed
[11.083s] DEBUG:colcon.colcon_parallel_executor.executor.parallel:run_until_complete finished with '0'
[11.083s] DEBUG:colcon.colcon_core.event_reactor:joining thread
[11.163s] INFO:colcon.colcon_core.plugin_system:Skipping extension 'colcon_notification.desktop_notification.terminal_notifier': Not used on non-Darwin systems
[11.163s] INFO:colcon.colcon_core.plugin_system:Skipping extension 'colcon_notification.desktop_notification.win32': Not used on non-Windows systems
[11.163s] INFO:colcon.colcon_notification.desktop_notification:Sending desktop notification using 'notify2'
[11.259s] DEBUG:colcon.colcon_core.event_reactor:joined thread
[11.261s] INFO:colcon.colcon_core.shell:Creating prefix script '/home/hance/nirb4600_40/nirb_4600_40_ws/install/local_setup.ps1'
[11.268s] INFO:colcon.colcon_core.shell:Creating prefix util module '/home/hance/nirb4600_40/nirb_4600_40_ws/install/_local_setup_util_ps1.py'
[11.276s] INFO:colcon.colcon_core.shell:Creating prefix chain script '/home/hance/nirb4600_40/nirb_4600_40_ws/install/setup.ps1'
[11.284s] INFO:colcon.colcon_core.shell:Creating prefix script '/home/hance/nirb4600_40/nirb_4600_40_ws/install/local_setup.sh'
[11.289s] INFO:colcon.colcon_core.shell:Creating prefix util module '/home/hance/nirb4600_40/nirb_4600_40_ws/install/_local_setup_util_sh.py'
[11.292s] INFO:colcon.colcon_core.shell:Creating prefix chain script '/home/hance/nirb4600_40/nirb_4600_40_ws/install/setup.sh'
[11.302s] INFO:colcon.colcon_core.shell:Creating prefix script '/home/hance/nirb4600_40/nirb_4600_40_ws/install/local_setup.bash'
[11.307s] INFO:colcon.colcon_core.shell:Creating prefix chain script '/home/hance/nirb4600_40/nirb_4600_40_ws/install/setup.bash'
[11.316s] INFO:colcon.colcon_core.shell:Creating prefix script '/home/hance/nirb4600_40/nirb_4600_40_ws/install/local_setup.zsh'
[11.321s] INFO:colcon.colcon_core.shell:Creating prefix chain script '/home/hance/nirb4600_40/nirb_4600_40_ws/install/setup.zsh'
