[2.805s] Invoking command in '/home/hance/nirb4600_40/nirb_4600_40_ws/nirb4600_40_urdf': PYTHONPATH=/home/hance/nirb4600_40/nirb_4600_40_ws/build/nirb4600_40_urdf/prefix_override:/usr/lib/python3/dist-packages/colcon_core/task/python/colcon_distutils_commands:/home/hance/nirb4600_40/nirb_4600_40_ws/install/nirb4600_40_urdf/lib/python3.10/site-packages:${PYTHONPATH} /usr/bin/python3 -W ignore:setup.py install is deprecated setup.py egg_info --egg-base ../build/nirb4600_40_urdf build --build-base /home/hance/nirb4600_40/nirb_4600_40_ws/build/nirb4600_40_urdf/build install --record /home/hance/nirb4600_40/nirb_4600_40_ws/build/nirb4600_40_urdf/install.log --single-version-externally-managed install_data
[3.801s] running egg_info
[3.807s] writing ../build/nirb4600_40_urdf/nirb4600_40_urdf.egg-info/PKG-INFO
[3.808s] writing dependency_links to ../build/nirb4600_40_urdf/nirb4600_40_urdf.egg-info/dependency_links.txt
[3.808s] writing entry points to ../build/nirb4600_40_urdf/nirb4600_40_urdf.egg-info/entry_points.txt
[3.809s] writing requirements to ../build/nirb4600_40_urdf/nirb4600_40_urdf.egg-info/requires.txt
[3.809s] writing top-level names to ../build/nirb4600_40_urdf/nirb4600_40_urdf.egg-info/top_level.txt
[3.814s] reading manifest file '../build/nirb4600_40_urdf/nirb4600_40_urdf.egg-info/SOURCES.txt'
[3.839s] adding license file 'LICENSE'
[3.840s] writing manifest file '../build/nirb4600_40_urdf/nirb4600_40_urdf.egg-info/SOURCES.txt'
[3.842s] running build
[3.842s] running build_py
[3.842s] running install
[3.843s] running install_lib
[3.845s] running install_data
[3.847s] running install_egg_info
[3.856s] removing '/home/hance/nirb4600_40/nirb_4600_40_ws/install/nirb4600_40_urdf/lib/python3.10/site-packages/nirb4600_40_urdf-0.0.0-py3.10.egg-info' (and everything under it)
[3.857s] Copying ../build/nirb4600_40_urdf/nirb4600_40_urdf.egg-info to /home/hance/nirb4600_40/nirb_4600_40_ws/install/nirb4600_40_urdf/lib/python3.10/site-packages/nirb4600_40_urdf-0.0.0-py3.10.egg-info
[3.866s] running install_scripts
[3.934s] writing list of installed files to '/home/hance/nirb4600_40/nirb_4600_40_ws/build/nirb4600_40_urdf/install.log'
[4.008s] Invoked command in '/home/hance/nirb4600_40/nirb_4600_40_ws/nirb4600_40_urdf' returned '0': PYTHONPATH=/home/hance/nirb4600_40/nirb_4600_40_ws/build/nirb4600_40_urdf/prefix_override:/usr/lib/python3/dist-packages/colcon_core/task/python/colcon_distutils_commands:/home/hance/nirb4600_40/nirb_4600_40_ws/install/nirb4600_40_urdf/lib/python3.10/site-packages:${PYTHONPATH} /usr/bin/python3 -W ignore:setup.py install is deprecated setup.py egg_info --egg-base ../build/nirb4600_40_urdf build --build-base /home/hance/nirb4600_40/nirb_4600_40_ws/build/nirb4600_40_urdf/build install --record /home/hance/nirb4600_40/nirb_4600_40_ws/build/nirb4600_40_urdf/install.log --single-version-externally-managed install_data
