[0.497s] Invoking command in '/home/hance/nirb4600_40/nirb_4600_40_ws/nirb4600_40_urdf': PYTHONPATH=/home/hance/nirb4600_40/nirb_4600_40_ws/build/nirb4600_40_urdf/prefix_override:/usr/lib/python3/dist-packages/colcon_core/task/python/colcon_distutils_commands:/home/hance/nirb4600_40/nirb_4600_40_ws/install/nirb4600_40_urdf/lib/python3.10/site-packages:${PYTHONPATH} /usr/bin/python3 -W ignore:setup.py install is deprecated -W ignore:easy_install command is deprecated setup.py egg_info --egg-base ../build/nirb4600_40_urdf build --build-base /home/hance/nirb4600_40/nirb_4600_40_ws/build/nirb4600_40_urdf/build install --record /home/hance/nirb4600_40/nirb_4600_40_ws/build/nirb4600_40_urdf/install.log --single-version-externally-managed install_data
[0.715s] running egg_info
[0.715s] writing ../build/nirb4600_40_urdf/nirb4600_40_urdf.egg-info/PKG-INFO
[0.716s] writing dependency_links to ../build/nirb4600_40_urdf/nirb4600_40_urdf.egg-info/dependency_links.txt
[0.716s] writing entry points to ../build/nirb4600_40_urdf/nirb4600_40_urdf.egg-info/entry_points.txt
[0.716s] writing requirements to ../build/nirb4600_40_urdf/nirb4600_40_urdf.egg-info/requires.txt
[0.716s] writing top-level names to ../build/nirb4600_40_urdf/nirb4600_40_urdf.egg-info/top_level.txt
[0.718s] reading manifest file '../build/nirb4600_40_urdf/nirb4600_40_urdf.egg-info/SOURCES.txt'
[0.718s] adding license file 'LICENSE'
[0.718s] writing manifest file '../build/nirb4600_40_urdf/nirb4600_40_urdf.egg-info/SOURCES.txt'
[0.718s] running build
[0.718s] running build_py
[0.719s] running install
[0.719s] running install_lib
[0.719s] running install_data
[0.720s] running install_egg_info
[0.721s] removing '/home/hance/nirb4600_40/nirb_4600_40_ws/install/nirb4600_40_urdf/lib/python3.10/site-packages/nirb4600_40_urdf-0.0.0-py3.10.egg-info' (and everything under it)
[0.721s] Copying ../build/nirb4600_40_urdf/nirb4600_40_urdf.egg-info to /home/hance/nirb4600_40/nirb_4600_40_ws/install/nirb4600_40_urdf/lib/python3.10/site-packages/nirb4600_40_urdf-0.0.0-py3.10.egg-info
[0.722s] running install_scripts
[0.735s] writing list of installed files to '/home/hance/nirb4600_40/nirb_4600_40_ws/build/nirb4600_40_urdf/install.log'
[0.747s] Invoked command in '/home/hance/nirb4600_40/nirb_4600_40_ws/nirb4600_40_urdf' returned '0': PYTHONPATH=/home/hance/nirb4600_40/nirb_4600_40_ws/build/nirb4600_40_urdf/prefix_override:/usr/lib/python3/dist-packages/colcon_core/task/python/colcon_distutils_commands:/home/hance/nirb4600_40/nirb_4600_40_ws/install/nirb4600_40_urdf/lib/python3.10/site-packages:${PYTHONPATH} /usr/bin/python3 -W ignore:setup.py install is deprecated -W ignore:easy_install command is deprecated setup.py egg_info --egg-base ../build/nirb4600_40_urdf build --build-base /home/hance/nirb4600_40/nirb_4600_40_ws/build/nirb4600_40_urdf/build install --record /home/hance/nirb4600_40/nirb_4600_40_ws/build/nirb4600_40_urdf/install.log --single-version-externally-managed install_data
