[3.321s] Invoking command in '/home/hance/nirb4600_40/nirb_4600_40_ws/nirb4600_40_urdf': PYTHONPATH=/home/hance/nirb4600_40/nirb_4600_40_ws/build/nirb4600_40_urdf/prefix_override:/usr/lib/python3/dist-packages/colcon_core/task/python/colcon_distutils_commands:/home/hance/nirb4600_40/nirb_4600_40_ws/install/nirb4600_40_urdf/lib/python3.10/site-packages:${PYTHONPATH} /usr/bin/python3 -W ignore:setup.py install is deprecated setup.py egg_info --egg-base ../build/nirb4600_40_urdf build --build-base /home/hance/nirb4600_40/nirb_4600_40_ws/build/nirb4600_40_urdf/build install --record /home/hance/nirb4600_40/nirb_4600_40_ws/build/nirb4600_40_urdf/install.log --single-version-externally-managed install_data
[4.475s] running egg_info
[4.477s] writing ../build/nirb4600_40_urdf/nirb4600_40_urdf.egg-info/PKG-INFO
[4.479s] writing dependency_links to ../build/nirb4600_40_urdf/nirb4600_40_urdf.egg-info/dependency_links.txt
[4.479s] writing entry points to ../build/nirb4600_40_urdf/nirb4600_40_urdf.egg-info/entry_points.txt
[4.480s] writing requirements to ../build/nirb4600_40_urdf/nirb4600_40_urdf.egg-info/requires.txt
[4.485s] writing top-level names to ../build/nirb4600_40_urdf/nirb4600_40_urdf.egg-info/top_level.txt
[4.489s] reading manifest file '../build/nirb4600_40_urdf/nirb4600_40_urdf.egg-info/SOURCES.txt'
[4.496s] adding license file 'LICENSE'
[4.497s] writing manifest file '../build/nirb4600_40_urdf/nirb4600_40_urdf.egg-info/SOURCES.txt'
[4.497s] running build
[4.497s] running build_py
[4.498s] running install
[4.498s] running install_lib
[4.500s] running install_data
[4.501s] running install_egg_info
[4.505s] removing '/home/hance/nirb4600_40/nirb_4600_40_ws/install/nirb4600_40_urdf/lib/python3.10/site-packages/nirb4600_40_urdf-0.0.0-py3.10.egg-info' (and everything under it)
[4.505s] Copying ../build/nirb4600_40_urdf/nirb4600_40_urdf.egg-info to /home/hance/nirb4600_40/nirb_4600_40_ws/install/nirb4600_40_urdf/lib/python3.10/site-packages/nirb4600_40_urdf-0.0.0-py3.10.egg-info
[4.511s] running install_scripts
[4.590s] writing list of installed files to '/home/hance/nirb4600_40/nirb_4600_40_ws/build/nirb4600_40_urdf/install.log'
[4.661s] Invoked command in '/home/hance/nirb4600_40/nirb_4600_40_ws/nirb4600_40_urdf' returned '0': PYTHONPATH=/home/hance/nirb4600_40/nirb_4600_40_ws/build/nirb4600_40_urdf/prefix_override:/usr/lib/python3/dist-packages/colcon_core/task/python/colcon_distutils_commands:/home/hance/nirb4600_40/nirb_4600_40_ws/install/nirb4600_40_urdf/lib/python3.10/site-packages:${PYTHONPATH} /usr/bin/python3 -W ignore:setup.py install is deprecated setup.py egg_info --egg-base ../build/nirb4600_40_urdf build --build-base /home/hance/nirb4600_40/nirb_4600_40_ws/build/nirb4600_40_urdf/build install --record /home/hance/nirb4600_40/nirb_4600_40_ws/build/nirb4600_40_urdf/install.log --single-version-externally-managed install_data
