running egg_info
creating ../build/nirb4600_40_urdf/nirb4600_40_urdf.egg-info
writing ../build/nirb4600_40_urdf/nirb4600_40_urdf.egg-info/PKG-INFO
writing dependency_links to ../build/nirb4600_40_urdf/nirb4600_40_urdf.egg-info/dependency_links.txt
writing entry points to ../build/nirb4600_40_urdf/nirb4600_40_urdf.egg-info/entry_points.txt
writing requirements to ../build/nirb4600_40_urdf/nirb4600_40_urdf.egg-info/requires.txt
writing top-level names to ../build/nirb4600_40_urdf/nirb4600_40_urdf.egg-info/top_level.txt
writing manifest file '../build/nirb4600_40_urdf/nirb4600_40_urdf.egg-info/SOURCES.txt'
reading manifest file '../build/nirb4600_40_urdf/nirb4600_40_urdf.egg-info/SOURCES.txt'
adding license file 'LICENSE'
writing manifest file '../build/nirb4600_40_urdf/nirb4600_40_urdf.egg-info/SOURCES.txt'
running build
running build_py
creating /home/hance/nirb4600_40/nirb_4600_40_ws/build/nirb4600_40_urdf/build
creating /home/hance/nirb4600_40/nirb_4600_40_ws/build/nirb4600_40_urdf/build/lib
creating /home/hance/nirb4600_40/nirb_4600_40_ws/build/nirb4600_40_urdf/build/lib/nirb4600_40_urdf
copying nirb4600_40_urdf/__init__.py -> /home/hance/nirb4600_40/nirb_4600_40_ws/build/nirb4600_40_urdf/build/lib/nirb4600_40_urdf
running install
running install_lib
creating /home/hance/nirb4600_40/nirb_4600_40_ws/install/nirb4600_40_urdf/lib/python3.10/site-packages/nirb4600_40_urdf
copying /home/hance/nirb4600_40/nirb_4600_40_ws/build/nirb4600_40_urdf/build/lib/nirb4600_40_urdf/__init__.py -> /home/hance/nirb4600_40/nirb_4600_40_ws/install/nirb4600_40_urdf/lib/python3.10/site-packages/nirb4600_40_urdf
byte-compiling /home/hance/nirb4600_40/nirb_4600_40_ws/install/nirb4600_40_urdf/lib/python3.10/site-packages/nirb4600_40_urdf/__init__.py to __init__.cpython-310.pyc
running install_data
creating /home/hance/nirb4600_40/nirb_4600_40_ws/install/nirb4600_40_urdf/share/ament_index
creating /home/hance/nirb4600_40/nirb_4600_40_ws/install/nirb4600_40_urdf/share/ament_index/resource_index
creating /home/hance/nirb4600_40/nirb_4600_40_ws/install/nirb4600_40_urdf/share/ament_index/resource_index/packages
copying resource/nirb4600_40_urdf -> /home/hance/nirb4600_40/nirb_4600_40_ws/install/nirb4600_40_urdf/share/ament_index/resource_index/packages
copying package.xml -> /home/hance/nirb4600_40/nirb_4600_40_ws/install/nirb4600_40_urdf/share/nirb4600_40_urdf
copying launch/view_robot_launch.py -> /home/hance/nirb4600_40/nirb_4600_40_ws/install/nirb4600_40_urdf/share/nirb4600_40_urdf
creating /home/hance/nirb4600_40/nirb_4600_40_ws/install/nirb4600_40_urdf/share/nirb4600_40_urdf/urdf
copying urdf/nirb4600_40_urdf.urdf -> /home/hance/nirb4600_40/nirb_4600_40_ws/install/nirb4600_40_urdf/share/nirb4600_40_urdf/urdf/
creating /home/hance/nirb4600_40/nirb_4600_40_ws/install/nirb4600_40_urdf/share/nirb4600_40_urdf/rviz
copying rviz/view.rviz -> /home/hance/nirb4600_40/nirb_4600_40_ws/install/nirb4600_40_urdf/share/nirb4600_40_urdf/rviz/
creating /home/hance/nirb4600_40/nirb_4600_40_ws/install/nirb4600_40_urdf/share/nirb4600_40_urdf/meshes
creating /home/hance/nirb4600_40/nirb_4600_40_ws/install/nirb4600_40_urdf/share/nirb4600_40_urdf/meshes/collision
copying meshes/collision/arm_link.stl -> /home/hance/nirb4600_40/nirb_4600_40_ws/install/nirb4600_40_urdf/share/nirb4600_40_urdf/meshes/collision/
copying meshes/collision/gripper.stl -> /home/hance/nirb4600_40/nirb_4600_40_ws/install/nirb4600_40_urdf/share/nirb4600_40_urdf/meshes/collision/
copying meshes/collision/arm_link_twist_2.stl -> /home/hance/nirb4600_40/nirb_4600_40_ws/install/nirb4600_40_urdf/share/nirb4600_40_urdf/meshes/collision/
copying meshes/collision/arm_link_twist_1.stl -> /home/hance/nirb4600_40/nirb_4600_40_ws/install/nirb4600_40_urdf/share/nirb4600_40_urdf/meshes/collision/
creating /home/hance/nirb4600_40/nirb_4600_40_ws/install/nirb4600_40_urdf/share/nirb4600_40_urdf/meshes/visual
copying meshes/visual/Link2.STL -> /home/hance/nirb4600_40/nirb_4600_40_ws/install/nirb4600_40_urdf/share/nirb4600_40_urdf/meshes/visual/
copying meshes/visual/Link6.STL -> /home/hance/nirb4600_40/nirb_4600_40_ws/install/nirb4600_40_urdf/share/nirb4600_40_urdf/meshes/visual/
copying meshes/visual/Link4.STL -> /home/hance/nirb4600_40/nirb_4600_40_ws/install/nirb4600_40_urdf/share/nirb4600_40_urdf/meshes/visual/
copying meshes/visual/Link5.STL -> /home/hance/nirb4600_40/nirb_4600_40_ws/install/nirb4600_40_urdf/share/nirb4600_40_urdf/meshes/visual/
copying meshes/visual/Link1.STL -> /home/hance/nirb4600_40/nirb_4600_40_ws/install/nirb4600_40_urdf/share/nirb4600_40_urdf/meshes/visual/
copying meshes/visual/Link3.STL -> /home/hance/nirb4600_40/nirb_4600_40_ws/install/nirb4600_40_urdf/share/nirb4600_40_urdf/meshes/visual/
copying meshes/visual/base_link.STL -> /home/hance/nirb4600_40/nirb_4600_40_ws/install/nirb4600_40_urdf/share/nirb4600_40_urdf/meshes/visual/
running install_egg_info
Copying ../build/nirb4600_40_urdf/nirb4600_40_urdf.egg-info to /home/hance/nirb4600_40/nirb_4600_40_ws/install/nirb4600_40_urdf/lib/python3.10/site-packages/nirb4600_40_urdf-0.0.0-py3.10.egg-info
running install_scripts
writing list of installed files to '/home/hance/nirb4600_40/nirb_4600_40_ws/build/nirb4600_40_urdf/install.log'
