[2.376s] Invoking command in '/home/hance/nirb4600_40/nirb_4600_40_ws/nirb4600_40_urdf': PYTHONPATH=/home/hance/nirb4600_40/nirb_4600_40_ws/build/nirb4600_40_urdf/prefix_override:/usr/lib/python3/dist-packages/colcon_core/task/python/colcon_distutils_commands:/home/hance/nirb4600_40/nirb_4600_40_ws/install/nirb4600_40_urdf/lib/python3.10/site-packages:${PYTHONPATH} /usr/bin/python3 -W ignore:setup.py install is deprecated setup.py egg_info --egg-base ../build/nirb4600_40_urdf build --build-base /home/hance/nirb4600_40/nirb_4600_40_ws/build/nirb4600_40_urdf/build install --record /home/hance/nirb4600_40/nirb_4600_40_ws/build/nirb4600_40_urdf/install.log --single-version-externally-managed install_data
[3.338s] running egg_info
[3.341s] creating ../build/nirb4600_40_urdf/nirb4600_40_urdf.egg-info
[3.341s] writing ../build/nirb4600_40_urdf/nirb4600_40_urdf.egg-info/PKG-INFO
[3.342s] writing dependency_links to ../build/nirb4600_40_urdf/nirb4600_40_urdf.egg-info/dependency_links.txt
[3.342s] writing entry points to ../build/nirb4600_40_urdf/nirb4600_40_urdf.egg-info/entry_points.txt
[3.342s] writing requirements to ../build/nirb4600_40_urdf/nirb4600_40_urdf.egg-info/requires.txt
[3.343s] writing top-level names to ../build/nirb4600_40_urdf/nirb4600_40_urdf.egg-info/top_level.txt
[3.343s] writing manifest file '../build/nirb4600_40_urdf/nirb4600_40_urdf.egg-info/SOURCES.txt'
[3.349s] reading manifest file '../build/nirb4600_40_urdf/nirb4600_40_urdf.egg-info/SOURCES.txt'
[3.350s] adding license file 'LICENSE'
[3.352s] writing manifest file '../build/nirb4600_40_urdf/nirb4600_40_urdf.egg-info/SOURCES.txt'
[3.355s] running build
[3.355s] running build_py
[3.355s] creating /home/hance/nirb4600_40/nirb_4600_40_ws/build/nirb4600_40_urdf/build
[3.357s] creating /home/hance/nirb4600_40/nirb_4600_40_ws/build/nirb4600_40_urdf/build/lib
[3.357s] creating /home/hance/nirb4600_40/nirb_4600_40_ws/build/nirb4600_40_urdf/build/lib/nirb4600_40_urdf
[3.357s] copying nirb4600_40_urdf/__init__.py -> /home/hance/nirb4600_40/nirb_4600_40_ws/build/nirb4600_40_urdf/build/lib/nirb4600_40_urdf
[3.358s] running install
[3.358s] running install_lib
[3.359s] creating /home/hance/nirb4600_40/nirb_4600_40_ws/install/nirb4600_40_urdf/lib/python3.10/site-packages/nirb4600_40_urdf
[3.359s] copying /home/hance/nirb4600_40/nirb_4600_40_ws/build/nirb4600_40_urdf/build/lib/nirb4600_40_urdf/__init__.py -> /home/hance/nirb4600_40/nirb_4600_40_ws/install/nirb4600_40_urdf/lib/python3.10/site-packages/nirb4600_40_urdf
[3.362s] byte-compiling /home/hance/nirb4600_40/nirb_4600_40_ws/install/nirb4600_40_urdf/lib/python3.10/site-packages/nirb4600_40_urdf/__init__.py to __init__.cpython-310.pyc
[3.363s] running install_data
[3.364s] creating /home/hance/nirb4600_40/nirb_4600_40_ws/install/nirb4600_40_urdf/share/ament_index
[3.365s] creating /home/hance/nirb4600_40/nirb_4600_40_ws/install/nirb4600_40_urdf/share/ament_index/resource_index
[3.365s] creating /home/hance/nirb4600_40/nirb_4600_40_ws/install/nirb4600_40_urdf/share/ament_index/resource_index/packages
[3.365s] copying resource/nirb4600_40_urdf -> /home/hance/nirb4600_40/nirb_4600_40_ws/install/nirb4600_40_urdf/share/ament_index/resource_index/packages
[3.366s] copying package.xml -> /home/hance/nirb4600_40/nirb_4600_40_ws/install/nirb4600_40_urdf/share/nirb4600_40_urdf
[3.366s] copying launch/view_robot_launch.py -> /home/hance/nirb4600_40/nirb_4600_40_ws/install/nirb4600_40_urdf/share/nirb4600_40_urdf
[3.366s] creating /home/hance/nirb4600_40/nirb_4600_40_ws/install/nirb4600_40_urdf/share/nirb4600_40_urdf/urdf
[3.367s] copying urdf/nirb4600_40_urdf.urdf -> /home/hance/nirb4600_40/nirb_4600_40_ws/install/nirb4600_40_urdf/share/nirb4600_40_urdf/urdf/
[3.367s] creating /home/hance/nirb4600_40/nirb_4600_40_ws/install/nirb4600_40_urdf/share/nirb4600_40_urdf/rviz
[3.368s] copying rviz/view.rviz -> /home/hance/nirb4600_40/nirb_4600_40_ws/install/nirb4600_40_urdf/share/nirb4600_40_urdf/rviz/
[3.368s] creating /home/hance/nirb4600_40/nirb_4600_40_ws/install/nirb4600_40_urdf/share/nirb4600_40_urdf/meshes
[3.369s] creating /home/hance/nirb4600_40/nirb_4600_40_ws/install/nirb4600_40_urdf/share/nirb4600_40_urdf/meshes/collision
[3.370s] copying meshes/collision/arm_link.stl -> /home/hance/nirb4600_40/nirb_4600_40_ws/install/nirb4600_40_urdf/share/nirb4600_40_urdf/meshes/collision/
[3.370s] copying meshes/collision/gripper.stl -> /home/hance/nirb4600_40/nirb_4600_40_ws/install/nirb4600_40_urdf/share/nirb4600_40_urdf/meshes/collision/
[3.370s] copying meshes/collision/arm_link_twist_2.stl -> /home/hance/nirb4600_40/nirb_4600_40_ws/install/nirb4600_40_urdf/share/nirb4600_40_urdf/meshes/collision/
[3.371s] copying meshes/collision/arm_link_twist_1.stl -> /home/hance/nirb4600_40/nirb_4600_40_ws/install/nirb4600_40_urdf/share/nirb4600_40_urdf/meshes/collision/
[3.372s] creating /home/hance/nirb4600_40/nirb_4600_40_ws/install/nirb4600_40_urdf/share/nirb4600_40_urdf/meshes/visual
[3.373s] copying meshes/visual/Link2.STL -> /home/hance/nirb4600_40/nirb_4600_40_ws/install/nirb4600_40_urdf/share/nirb4600_40_urdf/meshes/visual/
[3.377s] copying meshes/visual/Link6.STL -> /home/hance/nirb4600_40/nirb_4600_40_ws/install/nirb4600_40_urdf/share/nirb4600_40_urdf/meshes/visual/
[3.377s] copying meshes/visual/Link4.STL -> /home/hance/nirb4600_40/nirb_4600_40_ws/install/nirb4600_40_urdf/share/nirb4600_40_urdf/meshes/visual/
[3.378s] copying meshes/visual/Link5.STL -> /home/hance/nirb4600_40/nirb_4600_40_ws/install/nirb4600_40_urdf/share/nirb4600_40_urdf/meshes/visual/
[3.380s] copying meshes/visual/Link1.STL -> /home/hance/nirb4600_40/nirb_4600_40_ws/install/nirb4600_40_urdf/share/nirb4600_40_urdf/meshes/visual/
[3.381s] copying meshes/visual/Link3.STL -> /home/hance/nirb4600_40/nirb_4600_40_ws/install/nirb4600_40_urdf/share/nirb4600_40_urdf/meshes/visual/
[3.393s] copying meshes/visual/base_link.STL -> /home/hance/nirb4600_40/nirb_4600_40_ws/install/nirb4600_40_urdf/share/nirb4600_40_urdf/meshes/visual/
[3.393s] running install_egg_info
[3.403s] Copying ../build/nirb4600_40_urdf/nirb4600_40_urdf.egg-info to /home/hance/nirb4600_40/nirb_4600_40_ws/install/nirb4600_40_urdf/lib/python3.10/site-packages/nirb4600_40_urdf-0.0.0-py3.10.egg-info
[3.403s] running install_scripts
[3.476s] writing list of installed files to '/home/hance/nirb4600_40/nirb_4600_40_ws/build/nirb4600_40_urdf/install.log'
[3.534s] Invoked command in '/home/hance/nirb4600_40/nirb_4600_40_ws/nirb4600_40_urdf' returned '0': PYTHONPATH=/home/hance/nirb4600_40/nirb_4600_40_ws/build/nirb4600_40_urdf/prefix_override:/usr/lib/python3/dist-packages/colcon_core/task/python/colcon_distutils_commands:/home/hance/nirb4600_40/nirb_4600_40_ws/install/nirb4600_40_urdf/lib/python3.10/site-packages:${PYTHONPATH} /usr/bin/python3 -W ignore:setup.py install is deprecated setup.py egg_info --egg-base ../build/nirb4600_40_urdf build --build-base /home/hance/nirb4600_40/nirb_4600_40_ws/build/nirb4600_40_urdf/build install --record /home/hance/nirb4600_40/nirb_4600_40_ws/build/nirb4600_40_urdf/install.log --single-version-externally-managed install_data
